[vortexcity.de/index.html]
[vortexcity.de/app.js]
[vortexcity.de/style.css]
[ajax.googleapis.com/ajax/libs/jquery/3.5.1/jquery.min.js]
[backblue.gif]
[fade.gif]
[index.html]
[cdn.discordapp.com/attachments/1024217071451643945/1025725095106326551/logo.3.delayed]
[vortexcity.de/index-2.html]
[vortexcity.de/info.html]
[vortexcity.de/team.html]
[vortexcity.de/regel.html]
[cdn.discordapp.com/attachments/967823393925787678/998982694799151134/unknown.png]
[cdn.discordapp.com/attachments/1024217071451643945/1026080346833436672/silhouette-mehrerer-benutzer.9.delayed]
[cdn.discordapp.com/attachments/1024217071451643945/1026082906373894174/play-button-arrowhead.png]
[vortexcity.de/index.html]
[cdn.discordapp.com/attachments/1022588833159721011/1026084858591719474/Group_11.png]
[cdn.discordapp.com/attachments/985537558303883344/994714472830734437/Komp_2_11.gif]
[vortexcity.de/style.css]
[cdn.discordapp.com/attachments/1024217071451643945/1025725095106326551/logo.png]
[vortexcity.de/index-2.html]
[vortexcity.de/info.html]
[vortexcity.de/team.html]
[vortexcity.de/regel.html]
[cdn.discordapp.com/attachments/1024217071451643945/1026080346833436672/silhouette-mehrerer-benutzer.png]
[cdn.discordapp.com/attachments/1024217071451643945/1026082906373894174/play-button-arrowhead.png]
